 
****************************************
Report : area
Design : tail_light_control
Version: O-2018.06-SP1
Date   : Thu Oct  5 21:02:48 2023
****************************************

Library(s) Used:

    IBM_CMOS8HP_SS125 (File: /apps/design_kits/ibm_kits/IBM_IP/ibm_cmos8hp/std_cell/sc/v.20110613/synopsys/ss_125/IBM_CMOS8HP_SS125.db)

Number of ports:                           11
Number of nets:                           124
Number of cells:                          117
Number of combinational cells:            108
Number of sequential cells:                 9
Number of macros/black boxes:               0
Number of buf/inv:                         68
Number of references:                      36

Combinational area:               1344.000014
Buf/Inv area:                      798.720006
Noncombinational area:             362.879997
Macro/Black Box area:                0.000000
Net Interconnect area:      undefined  (Wire load has zero net area)

Total cell area:                  1706.880012
Total area:                 undefined
1
